/home/comparat/software/linux/FireflySpectra/firefly_dev/python/GalaxySpectrumFIREFLY.py:88: RuntimeWarning: divide by zero encountered in power
  self.error = self.hdulist[1].data['ivar']**(-0.5)
GALAXY 0.7320617 0.00029800367 0
Output file:
/data43s/SDSS/v5_11_0/firefly/3666/spFly-3666-55185-0001.fits
--------------------------
getting the models, t= 1548748319.2640615
Corrects from dust attenuation and fitting, Dt= 11.0990731716156 seconds
dust done, Dt= 19.9369637966156 seconds
fitting done, Dt= 33.029006004333496 seconds
Gets the best model, Dt= 33.02904200553894 seconds
m1 38.05170297622681
getting the models, t= 1548748353.999003
Corrects from dust attenuation and fitting, Dt= 9.910343408584595 seconds
dust done, Dt= 17.850472927093506 seconds
fitting done, Dt= 44.63515114784241 seconds
Gets the best model, Dt= 44.635189056396484 seconds
m2 85.63572573661804
time used = 85.69052696228027 seconds
/home/comparat/software/linux/FireflySpectra/firefly_dev/python/GalaxySpectrumFIREFLY.py:88: RuntimeWarning: divide by zero encountered in power
  self.error = self.hdulist[1].data['ivar']**(-0.5)
GALAXY 0.5470156 0.0002501875 5
time used = 2.6690683364868164 seconds
