/home/comparat/software/linux/FireflySpectra/firefly_dev/python/GalaxySpectrumFIREFLY.py:88: RuntimeWarning: divide by zero encountered in power
  self.error = self.hdulist[1].data['ivar']**(-0.5)
STAR 0.00020518342 0.00017261869 4
time used = 1.938188076019287 seconds
/home/comparat/software/linux/FireflySpectra/firefly_dev/python/GalaxySpectrumFIREFLY.py:88: RuntimeWarning: divide by zero encountered in power
  self.error = self.hdulist[1].data['ivar']**(-0.5)
GALAXY 0.19826216 0.20342913 5
time used = 2.8362197875976562 seconds
/home/comparat/software/linux/FireflySpectra/firefly_dev/python/GalaxySpectrumFIREFLY.py:88: RuntimeWarning: divide by zero encountered in power
  self.error = self.hdulist[1].data['ivar']**(-0.5)
GALAXY 0.6530796 0.00022513031 0
Output file:
/data43s/SDSS/v5_11_0/firefly/3639/spFly-3639-55205-0003.fits
--------------------------
getting the models, t= 1548748325.599149
Corrects from dust attenuation and fitting, Dt= 12.328083753585815 seconds
dust done, Dt= 30.387626886367798 seconds
fitting done, Dt= 39.049254417419434 seconds
Gets the best model, Dt= 39.04931306838989 seconds
m1 42.60760712623596
getting the models, t= 1548748365.3985164
Corrects from dust attenuation and fitting, Dt= 10.642372369766235 seconds
dust done, Dt= 21.76018524169922 seconds
fitting done, Dt= 25.70264506340027 seconds
Gets the best model, Dt= 25.702672481536865 seconds
m2 68.84647583961487
time used = 68.90615034103394 seconds
