/home/comparat/software/linux/FireflySpectra/firefly_dev/python/GalaxySpectrumFIREFLY.py:88: RuntimeWarning: divide by zero encountered in power
  self.error = self.hdulist[1].data['ivar']**(-0.5)
GALAXY 0.506521 0.00015199692 0
Output file:
/data43s/SDSS/v5_11_0/firefly/3659/spFly-3659-55181-0001.fits
--------------------------
getting the models, t= 1548748318.171764
Corrects from dust attenuation and fitting, Dt= 14.823142528533936 seconds
dust done, Dt= 23.663744688034058 seconds
fitting done, Dt= 30.955056190490723 seconds
Gets the best model, Dt= 30.955118894577026 seconds
m1 34.46281099319458
getting the models, t= 1548748350.0223525
Corrects from dust attenuation and fitting, Dt= 12.282365083694458 seconds
dust done, Dt= 25.035695552825928 seconds
fitting done, Dt= 31.39594864845276 seconds
Gets the best model, Dt= 31.395979166030884 seconds
m2 66.35162496566772
time used = 66.41125154495239 seconds
/home/comparat/software/linux/FireflySpectra/firefly_dev/python/GalaxySpectrumFIREFLY.py:88: RuntimeWarning: divide by zero encountered in power
  self.error = self.hdulist[1].data['ivar']**(-0.5)
STAR 0.0002300312 6.0875944e-05 0
time used = 2.7684600353240967 seconds
