/home/comparat/software/linux/FireflySpectra/firefly_dev/python/GalaxySpectrumFIREFLY.py:88: RuntimeWarning: divide by zero encountered in power
  self.error = self.hdulist[1].data['ivar']**(-0.5)
GALAXY 0.70844376 0.00013658119 0
Output file:
/data43s/SDSS/v5_11_0/firefly/3679/spFly-3679-55209-0001.fits
--------------------------
getting the models, t= 1548748319.722522
Corrects from dust attenuation and fitting, Dt= 11.219914436340332 seconds
dust done, Dt= 27.078882455825806 seconds
fitting done, Dt= 48.67952513694763 seconds
Gets the best model, Dt= 48.67956018447876 seconds
m1 54.89186978340149
getting the models, t= 1548748371.503013
Corrects from dust attenuation and fitting, Dt= 10.25926661491394 seconds
dust done, Dt= 19.385836839675903 seconds
fitting done, Dt= 29.764349460601807 seconds
Gets the best model, Dt= 29.76437783241272 seconds
m2 86.0708258152008
time used = 86.12435698509216 seconds
/home/comparat/software/linux/FireflySpectra/firefly_dev/python/GalaxySpectrumFIREFLY.py:88: RuntimeWarning: divide by zero encountered in power
  self.error = self.hdulist[1].data['ivar']**(-0.5)
GALAXY 0.691244 0.00025240093 5
time used = 2.540494918823242 seconds
