/home/comparat/software/linux/FireflySpectra/firefly_dev/python/GalaxySpectrumFIREFLY.py:88: RuntimeWarning: divide by zero encountered in power
  self.error = self.hdulist[1].data['ivar']**(-0.5)
STAR 0.00015859501 6.197016e-05 0
time used = 1.8740310668945312 seconds
/home/comparat/software/linux/FireflySpectra/firefly_dev/python/GalaxySpectrumFIREFLY.py:88: RuntimeWarning: divide by zero encountered in power
  self.error = self.hdulist[1].data['ivar']**(-0.5)
GALAXY 0.66591424 0.0003245827 0
Output file:
/data43s/SDSS/v5_11_0/firefly/3609/spFly-3609-55201-0002.fits
--------------------------
getting the models, t= 1548748320.8456357
Corrects from dust attenuation and fitting, Dt= 13.855458974838257 seconds
dust done, Dt= 22.23014497756958 seconds
fitting done, Dt= 31.21602749824524 seconds
Gets the best model, Dt= 31.216063976287842 seconds
m1 35.30773973464966
getting the models, t= 1548748352.7475557
Corrects from dust attenuation and fitting, Dt= 12.887574672698975 seconds
dust done, Dt= 21.941993951797485 seconds
fitting done, Dt= 41.85247302055359 seconds
Gets the best model, Dt= 41.852508306503296 seconds
m2 80.33572292327881
time used = 80.39078903198242 seconds
