/home/comparat/software/linux/FireflySpectra/firefly_dev/python/GalaxySpectrumFIREFLY.py:88: RuntimeWarning: divide by zero encountered in power
  self.error = self.hdulist[1].data['ivar']**(-0.5)
/home/comparat/software/linux/FireflySpectra/firefly_dev/python/firefly_dust.py:836: RuntimeWarning: divide by zero encountered in true_divide
  fine_attenuation= (data_flux / best_fit) - (hpf_data/best_fit_hpf) + 1
GALAXY 0.51021475 0.000103180486 0
Output file:
/data43s/SDSS/v5_11_0/firefly/3692/spFly-3692-55186-0001.fits
--------------------------
getting the models, t= 1548748320.4113295
Corrects from dust attenuation and fitting, Dt= 14.406354427337646 seconds
dust done, Dt= 34.96682858467102 seconds
fitting done, Dt= 44.800320863723755 seconds
Gets the best model, Dt= 44.80035972595215 seconds
m1 48.720637798309326
getting the models, t= 1548748365.6534443
Corrects from dust attenuation and fitting, Dt= 12.293980836868286 seconds
dust done, Dt= 22.419795274734497 seconds
fitting done, Dt= 28.001922845840454 seconds
Gets the best model, Dt= 28.00195860862732 seconds
m2 77.55614614486694
time used = 77.61351728439331 seconds
