/home/comparat/software/linux/FireflySpectra/firefly_dev/python/GalaxySpectrumFIREFLY.py:88: RuntimeWarning: divide by zero encountered in power
  self.error = self.hdulist[1].data['ivar']**(-0.5)
GALAXY 0.4711946 0.00013573251 0
Output file:
/data43s/SDSS/v5_11_0/firefly/3662/spFly-3662-55182-0001.fits
--------------------------
getting the models, t= 1548748318.5557501
Corrects from dust attenuation and fitting, Dt= 18.30924654006958 seconds
dust done, Dt= 36.09525537490845 seconds
fitting done, Dt= 45.53499722480774 seconds
Gets the best model, Dt= 45.53505730628967 seconds
m1 49.0961697101593
getting the models, t= 1548748364.7196333
Corrects from dust attenuation and fitting, Dt= 13.941365718841553 seconds
dust done, Dt= 19.70714521408081 seconds
fitting done, Dt= 40.08969187736511 seconds
Gets the best model, Dt= 40.089744091033936 seconds
m2 91.88351893424988
time used = 91.9312973022461 seconds
/home/comparat/software/linux/FireflySpectra/firefly_dev/python/GalaxySpectrumFIREFLY.py:88: RuntimeWarning: divide by zero encountered in power
  self.error = self.hdulist[1].data['ivar']**(-0.5)
STAR -2.5640962e-05 3.7109065e-05 0
time used = 2.738070487976074 seconds
