/home/comparat/software/linux/FireflySpectra/firefly_dev/python/GalaxySpectrumFIREFLY.py:88: RuntimeWarning: divide by zero encountered in power
  self.error = self.hdulist[1].data['ivar']**(-0.5)
GALAXY 0.46471617 0.00018561936 4
Output file:
/data43s/SDSS/v5_11_0/firefly/3586/spFly-3586-55181-0001.fits
--------------------------
getting the models, t= 1548748313.811214
Corrects from dust attenuation and fitting, Dt= 13.466104984283447 seconds
dust done, Dt= 26.11716389656067 seconds
fitting done, Dt= 35.9361457824707 seconds
Gets the best model, Dt= 35.9362006187439 seconds
m1 38.174697399139404
getting the models, t= 1548748350.1691833
Corrects from dust attenuation and fitting, Dt= 12.642319440841675 seconds
dust done, Dt= 27.70206880569458 seconds
fitting done, Dt= 35.044854402542114 seconds
Gets the best model, Dt= 35.044881105422974 seconds
m2 73.6739490032196
time used = 73.73259973526001 seconds
already done 0.0006375312805175781
