/home/comparat/software/linux/FireflySpectra/firefly_dev/python/GalaxySpectrumFIREFLY.py:88: RuntimeWarning: divide by zero encountered in power
  self.error = self.hdulist[1].data['ivar']**(-0.5)
STAR 2.5712998e-05 6.218495e-05 0
time used = 3.15769100189209 seconds
/home/comparat/software/linux/FireflySpectra/firefly_dev/python/GalaxySpectrumFIREFLY.py:88: RuntimeWarning: divide by zero encountered in power
  self.error = self.hdulist[1].data['ivar']**(-0.5)
GALAXY 0.05453058 7.358069e-05 5
time used = 3.0022404193878174 seconds
/home/comparat/software/linux/FireflySpectra/firefly_dev/python/GalaxySpectrumFIREFLY.py:88: RuntimeWarning: divide by zero encountered in power
  self.error = self.hdulist[1].data['ivar']**(-0.5)
GALAXY 0.61587816 0.00027760764 0
Output file:
/data43s/SDSS/v5_11_0/firefly/3691/spFly-3691-55274-0003.fits
--------------------------
getting the models, t= 1548748331.011765
Corrects from dust attenuation and fitting, Dt= 13.270522832870483 seconds
dust done, Dt= 18.427423000335693 seconds
fitting done, Dt= 30.066673278808594 seconds
Gets the best model, Dt= 30.066704988479614 seconds
m1 34.43243479728699
getting the models, t= 1548748362.7313762
Corrects from dust attenuation and fitting, Dt= 11.86066484451294 seconds
dust done, Dt= 22.40634322166443 seconds
fitting done, Dt= 42.01964807510376 seconds
Gets the best model, Dt= 42.01967430114746 seconds
m2 79.47891998291016
time used = 79.528076171875 seconds
/home/comparat/software/linux/FireflySpectra/firefly_dev/python/GalaxySpectrumFIREFLY.py:88: RuntimeWarning: divide by zero encountered in power
  self.error = self.hdulist[1].data['ivar']**(-0.5)
GALAXY 0.95455116 0.0004911177 5
time used = 2.5138487815856934 seconds
