/home/comparat/software/linux/FireflySpectra/firefly_dev/python/GalaxySpectrumFIREFLY.py:88: RuntimeWarning: divide by zero encountered in power
  self.error = self.hdulist[1].data['ivar']**(-0.5)
GALAXY 0.53214794 0.00016166741 0
Output file:
/data43s/SDSS/v5_11_0/firefly/3664/spFly-3664-55245-0001.fits
--------------------------
getting the models, t= 1548748319.219533
Corrects from dust attenuation and fitting, Dt= 13.883371114730835 seconds
dust done, Dt= 31.212610721588135 seconds
fitting done, Dt= 39.2966468334198 seconds
Gets the best model, Dt= 39.29668211936951 seconds
m1 43.59281635284424
getting the models, t= 1548748359.5296257
Corrects from dust attenuation and fitting, Dt= 13.465789556503296 seconds
dust done, Dt= 19.57104992866516 seconds
fitting done, Dt= 25.280233144760132 seconds
Gets the best model, Dt= 25.280290365219116 seconds
m2 69.45366382598877
time used = 69.50610733032227 seconds
/home/comparat/software/linux/FireflySpectra/firefly_dev/python/GalaxySpectrumFIREFLY.py:88: RuntimeWarning: divide by zero encountered in power
  self.error = self.hdulist[1].data['ivar']**(-0.5)
STAR 3.0752133e-05 1.1193087e-05 0
time used = 2.747368335723877 seconds
