/home/comparat/software/linux/FireflySpectra/firefly_dev/python/GalaxySpectrumFIREFLY.py:88: RuntimeWarning: divide by zero encountered in power
  self.error = self.hdulist[1].data['ivar']**(-0.5)
GALAXY 0.60379994 0.0002808462 4
Output file:
/data43s/SDSS/v5_11_0/firefly/3589/spFly-3589-55186-0001.fits
--------------------------
getting the models, t= 1548748313.780041
Corrects from dust attenuation and fitting, Dt= 10.015835285186768 seconds
dust done, Dt= 22.274405241012573 seconds
fitting done, Dt= 26.828083276748657 seconds
Gets the best model, Dt= 26.828117847442627 seconds
m1 29.26995873451233
getting the models, t= 1548748341.2073393
Corrects from dust attenuation and fitting, Dt= 11.541128158569336 seconds
dust done, Dt= 19.042006969451904 seconds
fitting done, Dt= 35.57257604598999 seconds
Gets the best model, Dt= 35.57260227203369 seconds
m2 67.77158832550049
time used = 67.85915803909302 seconds
/home/comparat/software/linux/FireflySpectra/firefly_dev/python/GalaxySpectrumFIREFLY.py:88: RuntimeWarning: divide by zero encountered in power
  self.error = self.hdulist[1].data['ivar']**(-0.5)
STAR -0.00014030118 4.0529027e-05 0
time used = 2.4644429683685303 seconds
